Determining if the pthread_create exist failed with the following output:
Change Dir: /home/boibe18/workspace/kinect_mapping_workspace/rtabmap/CMakeFiles/CMakeTmp

Run Build Command:"/usr/bin/make" "cmTC_29c30/fast"
/usr/bin/make -f CMakeFiles/cmTC_29c30.dir/build.make CMakeFiles/cmTC_29c30.dir/build
make[1]: Entering directory '/home/boibe18/workspace/kinect_mapping_workspace/rtabmap/CMakeFiles/CMakeTmp'
Building C object CMakeFiles/cmTC_29c30.dir/CheckSymbolExists.c.o
/usr/bin/cc   -fmessage-length=0    -o CMakeFiles/cmTC_29c30.dir/CheckSymbolExists.c.o   -c /home/boibe18/workspace/kinect_mapping_workspace/rtabmap/CMakeFiles/CMakeTmp/CheckSymbolExists.c
Linking C executable cmTC_29c30
/usr/bin/cmake -E cmake_link_script CMakeFiles/cmTC_29c30.dir/link.txt --verbose=1
/usr/bin/cc  -fmessage-length=0     -rdynamic CMakeFiles/cmTC_29c30.dir/CheckSymbolExists.c.o  -o cmTC_29c30 
CMakeFiles/cmTC_29c30.dir/CheckSymbolExists.c.o: In function `main':
CheckSymbolExists.c:(.text+0x1b): undefined reference to `pthread_create'
collect2: error: ld returned 1 exit status
CMakeFiles/cmTC_29c30.dir/build.make:97: recipe for target 'cmTC_29c30' failed
make[1]: *** [cmTC_29c30] Error 1
make[1]: Leaving directory '/home/boibe18/workspace/kinect_mapping_workspace/rtabmap/CMakeFiles/CMakeTmp'
Makefile:126: recipe for target 'cmTC_29c30/fast' failed
make: *** [cmTC_29c30/fast] Error 2

File /home/boibe18/workspace/kinect_mapping_workspace/rtabmap/CMakeFiles/CMakeTmp/CheckSymbolExists.c:
/* */
#include <pthread.h>

int main(int argc, char** argv)
{
  (void)argv;
#ifndef pthread_create
  return ((int*)(&pthread_create))[argc];
#else
  (void)argc;
  return 0;
#endif
}

Determining if the function pthread_create exists in the pthreads failed with the following output:
Change Dir: /home/boibe18/workspace/kinect_mapping_workspace/rtabmap/CMakeFiles/CMakeTmp

Run Build Command:"/usr/bin/make" "cmTC_c665c/fast"
/usr/bin/make -f CMakeFiles/cmTC_c665c.dir/build.make CMakeFiles/cmTC_c665c.dir/build
make[1]: Entering directory '/home/boibe18/workspace/kinect_mapping_workspace/rtabmap/CMakeFiles/CMakeTmp'
Building C object CMakeFiles/cmTC_c665c.dir/CheckFunctionExists.c.o
/usr/bin/cc   -fmessage-length=0 -DCHECK_FUNCTION_EXISTS=pthread_create   -o CMakeFiles/cmTC_c665c.dir/CheckFunctionExists.c.o   -c /usr/share/cmake-3.10/Modules/CheckFunctionExists.c
Linking C executable cmTC_c665c
/usr/bin/cmake -E cmake_link_script CMakeFiles/cmTC_c665c.dir/link.txt --verbose=1
/usr/bin/cc  -fmessage-length=0 -DCHECK_FUNCTION_EXISTS=pthread_create    -rdynamic CMakeFiles/cmTC_c665c.dir/CheckFunctionExists.c.o  -o cmTC_c665c -lpthreads 
/usr/bin/ld: cannot find -lpthreads
collect2: error: ld returned 1 exit status
CMakeFiles/cmTC_c665c.dir/build.make:97: recipe for target 'cmTC_c665c' failed
make[1]: *** [cmTC_c665c] Error 1
make[1]: Leaving directory '/home/boibe18/workspace/kinect_mapping_workspace/rtabmap/CMakeFiles/CMakeTmp'
Makefile:126: recipe for target 'cmTC_c665c/fast' failed
make: *** [cmTC_c665c/fast] Error 2


